{"name": "test_saucedemo[data1]", "status": "broken", "statusDetails": {"message": "selenium.common.exceptions.NoSuchElementException: Message: no such element: Unable to locate element: {\"method\":\"css selector\",\"selector\":\".shopping_cart_link\"}\n  (Session info: MicrosoftEdge=141.0.3537.99); For documentation on this error, please visit: https://www.selenium.dev/documentation/webdriver/troubleshooting/errors#no-such-element-exception\nStacktrace:\n\tGetHandleVerifier [0x0x7ff6d57c2605+51877]\n\tGetHandleVerifier [0x0x7ff6d57c2664+51972]\n\tGetHandleVerifier [0x0x7ff6d5978bf5+1847445]\n\t(No symbol) [0x0x7ff6d558045b]\n\t(No symbol) [0x0x7ff6d558071b]\n\t(No symbol) [0x0x7ff6d55c1927]\n\t(No symbol) [0x0x7ff6d55a216f]\n\t(No symbol) [0x0x7ff6d557667b]\n\t(No symbol) [0x0x7ff6d55bf3d2]\n\t(No symbol) [0x0x7ff6d55a1df3]\n\t(No symbol) [0x0x7ff6d5575b36]\n\t(No symbol) [0x0x7ff6d5574d80]\n\t(No symbol) [0x0x7ff6d5575973]\n\t(No symbol) [0x0x7ff6d563e4a5]\n\t(No symbol) [0x0x7ff6d563a75d]\n\tGetHandleVerifier [0x0x7ff6d57ece43+226019]\n\tGetHandleVerifier [0x0x7ff6d57dc011+156849]\n\tGetHandleVerifier [0x0x7ff6d57e4509+190889]\n\tGetHandleVerifier [0x0x7ff6d57c9744+80868]\n\tGetHandleVerifier [0x0x7ff6d57c9893+81203]\n\tGetHandleVerifier [0x0x7ff6d57b7e16+8886]\n\tBaseThreadInitThunk [0x0x7ffba127e8d7+23]\n\tRtlUserThreadStart [0x0x7ffba27e8d9c+44]", "trace": "browserInstance = <selenium.webdriver.edge.webdriver.WebDriver (session=\"b3925e188cdd7ffaea339a05cdf548da\")>\ndata = {'firstname': 'Manoj', 'lastname': 'Yeluri', 'password': 'secret_sauce', 'postalcode': '53006', ...}\n\n    @pytest.mark.parametrize(\"data\", load_testdata())\n    def test_saucedemo(browserInstance, data):\n        driver = browserInstance\n        base_url = get_base_url()\n        driver.get(base_url)\n        loginPage = LoginPage(driver)\n        productsPage = ProductsPage(driver)\n        cartPage = CartPage(driver)\n        checkoutPage = CheckoutPage(driver)\n        confirmationPage = ConfirmationPage(driver)\n        logoutPage = LogoutPage(driver)\n        loginPage.enterUsernameAndPassword(data[\"username\"], data[\"password\"])\n        loginPage.clickLoginButton()\n        addtocartproducts_length = productsPage.addToCartProducts()\n>       productsPage.clickOnCartIcon()\n\ntest_saucedemo.py:37: \n_ _ _ _ _ _ _ _ _ _ _ _ _ _ _ _ _ _ _ _ _ _ _ _ _ _ _ _ _ _ _ _ _ _ _ _ _ _ _ _ _ _ _ _ _ _ _ _ _ _ _ _ _ _ _ _ _ _ _ _ _ _ _ _ _ _ _ _ _ _ _ \nPageObjects\\productsPage.py:17: in clickOnCartIcon\n    self.driver.find_element(*self.cart).click()\n    ^^^^^^^^^^^^^^^^^^^^^^^^^^^^^^^^^^^^\n..\\..\\Selenium\\Selenium\\.venv\\Lib\\site-packages\\selenium\\webdriver\\remote\\webdriver.py:748: in find_element\n    return self.execute(Command.FIND_ELEMENT, {\"using\": by, \"value\": value})[\"value\"]\n           ^^^^^^^^^^^^^^^^^^^^^^^^^^^^^^^^^^^^^^^^^^^^^^^^^^^^^^^^^^^^^^^^^\n..\\..\\Selenium\\Selenium\\.venv\\Lib\\site-packages\\selenium\\webdriver\\remote\\webdriver.py:354: in execute\n    self.error_handler.check_response(response)\n_ _ _ _ _ _ _ _ _ _ _ _ _ _ _ _ _ _ _ _ _ _ _ _ _ _ _ _ _ _ _ _ _ _ _ _ _ _ _ _ _ _ _ _ _ _ _ _ _ _ _ _ _ _ _ _ _ _ _ _ _ _ _ _ _ _ _ _ _ _ _ \n\nself = <selenium.webdriver.remote.errorhandler.ErrorHandler object at 0x000001C4EC98FF20>\nresponse = {'status': 404, 'value': '{\"value\":{\"error\":\"no such element\",\"message\":\"no such element: Unable to locate element: {\\...7ff6d57b7e16+8886]\\\\n\\\\tBaseThreadInitThunk [0x0x7ffba127e8d7+23]\\\\n\\\\tRtlUserThreadStart [0x0x7ffba27e8d9c+44]\\\\n\"}}'}\n\n    def check_response(self, response: Dict[str, Any]) -> None:\n        \"\"\"Checks that a JSON response from the WebDriver does not have an\n        error.\n    \n        :Args:\n         - response - The JSON response from the WebDriver server as a dictionary\n           object.\n    \n        :Raises: If the response contains an error message.\n        \"\"\"\n        status = response.get(\"status\", None)\n        if not status or status == ErrorCode.SUCCESS:\n            return\n        value = None\n        message = response.get(\"message\", \"\")\n        screen: str = response.get(\"screen\", \"\")\n        stacktrace = None\n        if isinstance(status, int):\n            value_json = response.get(\"value\", None)\n            if value_json and isinstance(value_json, str):\n                import json\n    \n                try:\n                    value = json.loads(value_json)\n                    if len(value) == 1:\n                        value = value[\"value\"]\n                    status = value.get(\"error\", None)\n                    if not status:\n                        status = value.get(\"status\", ErrorCode.UNKNOWN_ERROR)\n                        message = value.get(\"value\") or value.get(\"message\")\n                        if not isinstance(message, str):\n                            value = message\n                            message = message.get(\"message\")\n                    else:\n                        message = value.get(\"message\", None)\n                except ValueError:\n                    pass\n    \n        exception_class: Type[WebDriverException]\n        e = ErrorCode()\n        error_codes = [item for item in dir(e) if not item.startswith(\"__\")]\n        for error_code in error_codes:\n            error_info = getattr(ErrorCode, error_code)\n            if isinstance(error_info, list) and status in error_info:\n                exception_class = getattr(ExceptionMapping, error_code, WebDriverException)\n                break\n        else:\n            exception_class = WebDriverException\n    \n        if not value:\n            value = response[\"value\"]\n        if isinstance(value, str):\n            raise exception_class(value)\n        if message == \"\" and \"message\" in value:\n            message = value[\"message\"]\n    \n        screen = None  # type: ignore[assignment]\n        if \"screen\" in value:\n            screen = value[\"screen\"]\n    \n        stacktrace = None\n        st_value = value.get(\"stackTrace\") or value.get(\"stacktrace\")\n        if st_value:\n            if isinstance(st_value, str):\n                stacktrace = st_value.split(\"\\n\")\n            else:\n                stacktrace = []\n                try:\n                    for frame in st_value:\n                        line = frame.get(\"lineNumber\", \"\")\n                        file = frame.get(\"fileName\", \"<anonymous>\")\n                        if line:\n                            file = f\"{file}:{line}\"\n                        meth = frame.get(\"methodName\", \"<anonymous>\")\n                        if \"className\" in frame:\n                            meth = f\"{frame['className']}.{meth}\"\n                        msg = \"    at %s (%s)\"\n                        msg = msg % (meth, file)\n                        stacktrace.append(msg)\n                except TypeError:\n                    pass\n        if exception_class == UnexpectedAlertPresentException:\n            alert_text = None\n            if \"data\" in value:\n                alert_text = value[\"data\"].get(\"text\")\n            elif \"alert\" in value:\n                alert_text = value[\"alert\"].get(\"text\")\n            raise exception_class(message, screen, stacktrace, alert_text)  # type: ignore[call-arg]  # mypy is not smart enough here\n>       raise exception_class(message, screen, stacktrace)\nE       selenium.common.exceptions.NoSuchElementException: Message: no such element: Unable to locate element: {\"method\":\"css selector\",\"selector\":\".shopping_cart_link\"}\nE         (Session info: MicrosoftEdge=141.0.3537.99); For documentation on this error, please visit: https://www.selenium.dev/documentation/webdriver/troubleshooting/errors#no-such-element-exception\nE       Stacktrace:\nE       \tGetHandleVerifier [0x0x7ff6d57c2605+51877]\nE       \tGetHandleVerifier [0x0x7ff6d57c2664+51972]\nE       \tGetHandleVerifier [0x0x7ff6d5978bf5+1847445]\nE       \t(No symbol) [0x0x7ff6d558045b]\nE       \t(No symbol) [0x0x7ff6d558071b]\nE       \t(No symbol) [0x0x7ff6d55c1927]\nE       \t(No symbol) [0x0x7ff6d55a216f]\nE       \t(No symbol) [0x0x7ff6d557667b]\nE       \t(No symbol) [0x0x7ff6d55bf3d2]\nE       \t(No symbol) [0x0x7ff6d55a1df3]\nE       \t(No symbol) [0x0x7ff6d5575b36]\nE       \t(No symbol) [0x0x7ff6d5574d80]\nE       \t(No symbol) [0x0x7ff6d5575973]\nE       \t(No symbol) [0x0x7ff6d563e4a5]\nE       \t(No symbol) [0x0x7ff6d563a75d]\nE       \tGetHandleVerifier [0x0x7ff6d57ece43+226019]\nE       \tGetHandleVerifier [0x0x7ff6d57dc011+156849]\nE       \tGetHandleVerifier [0x0x7ff6d57e4509+190889]\nE       \tGetHandleVerifier [0x0x7ff6d57c9744+80868]\nE       \tGetHandleVerifier [0x0x7ff6d57c9893+81203]\nE       \tGetHandleVerifier [0x0x7ff6d57b7e16+8886]\nE       \tBaseThreadInitThunk [0x0x7ffba127e8d7+23]\nE       \tRtlUserThreadStart [0x0x7ffba27e8d9c+44]\n\n..\\..\\Selenium\\Selenium\\.venv\\Lib\\site-packages\\selenium\\webdriver\\remote\\errorhandler.py:229: NoSuchElementException"}, "parameters": [{"name": "data", "value": "{'username': 'locked_out_user', 'password': 'secret_sauce', 'firstname': 'Manoj', 'lastname': 'Yeluri', 'postalcode': '53006'}"}], "start": 1762949534779, "stop": 1762949546722, "uuid": "2198a69e-47ce-4a03-833e-0603ac678d2c", "historyId": "6c8bd9720e1e89974365fdcc208ac303", "testCaseId": "4d934066ee3c2b2e47f8a24464602652", "fullName": "test_saucedemo#test_saucedemo", "labels": [{"name": "suite", "value": "test_saucedemo"}, {"name": "host", "value": "inlen6239008751"}, {"name": "thread", "value": "34140-MainThread"}, {"name": "framework", "value": "pytest"}, {"name": "language", "value": "cpython3"}, {"name": "package", "value": "test_saucedemo"}], "titlePath": ["test_saucedemo.py"]}